<?xml version="1.0" encoding="UTF-8"?>
<!-- Generated by org.testng.reporters.JUnitReportReporter -->
<testsuite hostname="DESKTOP-VNP3H0P" failures="0" tests="1" name="FreeTestAutomation.FreeTest.FreeCRMTest" time="36.082" errors="0" timestamp="2024-10-02T11:12:55 AEST" skipped="0">
  <testcase classname="FreeTestAutomation.FreeTest.FreeCRMTest" name="SydneyUniversityTest" time="36.082"/>
  <system-out/>
</testsuite> <!-- FreeTestAutomation.FreeTest.FreeCRMTest -->
