<?xml version="1.0" encoding="UTF-8"?>
<!-- Generated by org.testng.reporters.JUnitReportReporter -->
<testsuite hostname="DESKTOP-VNP3H0P" failures="0" tests="2" name="com.qa.test.LoginPageTest" time="16.913" errors="0" timestamp="2024-10-02T16:10:40 AEST" skipped="0">
  <testcase classname="com.qa.test.LoginPageTest" name="loginPageTitleTest" time="6.250"/>
  <system-out/>
  <testcase classname="com.qa.test.LoginPageTest" name="loginTest" time="10.663"/>
  <system-out/>
</testsuite> <!-- com.qa.test.LoginPageTest -->
