<?xml version="1.0" encoding="UTF-8"?>
<!-- Generated by org.testng.reporters.JUnitReportReporter -->
<testsuite hostname="DESKTOP-VNP3H0P" failures="0" tests="2" name="com.qa.test.LoginPageTest" time="14.662" errors="0" timestamp="2024-10-02T11:12:55 AEST" skipped="0">
  <testcase classname="com.qa.test.LoginPageTest" name="loginPageTitleTest" time="6.260"/>
  <system-out/>
  <testcase classname="com.qa.test.LoginPageTest" name="loginTest" time="8.402"/>
  <system-out/>
</testsuite> <!-- com.qa.test.LoginPageTest -->
