<?xml version="1.0" encoding="UTF-8"?>
<!-- Generated by org.testng.reporters.JUnitReportReporter -->
<testsuite hostname="DESKTOP-VNP3H0P" failures="0" tests="3" name="DataDriven.DataTest" time="21.076" errors="0" timestamp="2024-10-02T11:12:55 AEST" skipped="0">
  <testcase classname="DataDriven.DataTest" name="DataDrivenTest" time="6.781"/>
  <system-out/>
  <testcase classname="DataDriven.DataTest" name="DataDrivenTest" time="7.132"/>
  <system-out/>
  <testcase classname="DataDriven.DataTest" name="DataDrivenTest" time="7.163"/>
  <system-out/>
</testsuite> <!-- DataDriven.DataTest -->
