<?xml version="1.0" encoding="UTF-8"?>
<!-- Generated by org.testng.reporters.JUnitReportReporter -->
<testsuite hostname="DESKTOP-VNP3H0P" failures="0" tests="3" name="DataDriven.DataTest" time="19.548" errors="0" timestamp="2024-10-02T16:10:40 AEST" skipped="0">
  <testcase classname="DataDriven.DataTest" name="DataDrivenTest" time="8.182"/>
  <system-out/>
  <testcase classname="DataDriven.DataTest" name="DataDrivenTest" time="5.589"/>
  <system-out/>
  <testcase classname="DataDriven.DataTest" name="DataDrivenTest" time="5.777"/>
  <system-out/>
</testsuite> <!-- DataDriven.DataTest -->
