<?xml version="1.0" encoding="UTF-8"?>
<!-- Generated by org.testng.reporters.JUnitReportReporter -->
<testsuite hostname="DESKTOP-VNP3H0P" failures="0" tests="1" name="FreeTestAutomation.FreeTest.FreeCRMTest" time="31.792" errors="0" timestamp="2024-09-26T13:47:52 AEST" skipped="0">
  <testcase classname="FreeTestAutomation.FreeTest.FreeCRMTest" name="SydneyUniversityTest" time="31.792"/>
  <system-out/>
</testsuite> <!-- FreeTestAutomation.FreeTest.FreeCRMTest -->
