<?xml version="1.0" encoding="UTF-8"?>
<!-- Generated by org.testng.reporters.JUnitReportReporter -->
<testsuite hostname="DESKTOP-VNP3H0P" failures="0" tests="1" name="FreeTestAutomation.FreeTest.FreeCRMTest" time="33.246" errors="0" timestamp="2024-10-02T16:10:40 AEST" skipped="0">
  <testcase classname="FreeTestAutomation.FreeTest.FreeCRMTest" name="SydneyUniversityTest" time="33.246"/>
  <system-out/>
</testsuite> <!-- FreeTestAutomation.FreeTest.FreeCRMTest -->
